2025-07-03 11:20:47,326 - app.main - INFO - Configuration validation passed
2025-07-03 11:21:09,488 - app.services.nlp_service - INFO - spaCy loaded successfully
2025-07-03 11:21:13,370 - app.services.nlp_service - INFO - Sentiment analyzer loaded successfully
2025-07-03 11:21:13,766 - googleapiclient.discovery_cache - INFO - file_cache is only supported with oauth2client<4.0.0
2025-07-03 11:21:18,063 - app.main - INFO - Configuration validation passed
2025-07-03 11:21:38,005 - app.services.nlp_service - INFO - spaCy loaded successfully
2025-07-03 11:21:39,505 - app.services.nlp_service - INFO - Sentiment analyzer loaded successfully
2025-07-03 11:21:39,790 - googleapiclient.discovery_cache - INFO - file_cache is only supported with oauth2client<4.0.0
2025-07-03 11:21:41,434 - app.main - INFO - Configuration validation passed
2025-07-03 11:22:00,460 - app.services.nlp_service - INFO - spaCy loaded successfully
2025-07-03 11:22:01,412 - app.services.nlp_service - INFO - Sentiment analyzer loaded successfully
2025-07-03 11:22:01,694 - googleapiclient.discovery_cache - INFO - file_cache is only supported with oauth2client<4.0.0
2025-07-03 11:22:31,753 - app.full_report - INFO - Processing video ID: wTD0Gy2gIpI
2025-07-03 11:22:31,753 - app.youtube - INFO - Fetching comments for video ID: wTD0Gy2gIpI
2025-07-03 11:22:33,105 - app.services.nlp_service - WARNING - Text truncated due to length: Cool stuff...
2025-07-03 11:22:33,106 - app.services.nlp_service - WARNING - Text truncated due to length: Don't care! And it is me you heard typing. The Ger...
2025-07-03 11:22:33,261 - app.services.nlp_service - WARNING - Text truncated due to length: Is the Cherry a front wheel drive ???  All the tha...
2025-07-03 11:22:33,261 - app.services.nlp_service - WARNING - Text truncated due to length: Kia mes good cars, but they are delusional if they...
2025-07-03 11:22:33,261 - app.services.nlp_service - WARNING - Text truncated due to length: Kia is mad business... For that amount I'd conside...
2025-07-03 11:22:33,262 - app.services.nlp_service - WARNING - Text truncated due to length: Why are these Chinese manufacturers giving service...
2025-07-03 11:22:33,262 - app.services.nlp_service - WARNING - Text truncated due to length: Kia is going for rarity here. We'll see very few o...
2025-07-03 11:22:33,289 - app.services.nlp_service - WARNING - Text truncated due to length: Did Kia drink to much rice wine when they priced t...
2025-07-03 11:22:33,294 - app.services.nlp_service - WARNING - Text truncated due to length: So how quick is the chery really with 265kw? On th...
2025-07-03 11:22:33,294 - app.services.nlp_service - WARNING - Text truncated due to length: The Sorento is nice but R1m-R1.3m is wild....
2025-07-03 11:22:33,295 - app.services.nlp_service - WARNING - Text truncated due to length: Justifying the Kia price because it is a 7 seater ...
2025-07-03 11:22:33,295 - app.services.nlp_service - WARNING - Text truncated due to length: The fastest vacuum cleaner...
2025-07-03 11:22:33,296 - app.services.nlp_service - WARNING - Text truncated due to length: So i buy tiggo 7 csh i choose plus version...
2025-07-03 11:22:33,308 - app.services.nlp_service - WARNING - Text truncated due to length: Put that PHEV tech in the tiggo cross and we will ...
2025-07-03 11:22:33,311 - app.services.nlp_service - WARNING - Text truncated due to length: No one is going to pay R1,2m for a KIA - Chinese i...
2025-07-03 11:22:33,311 - app.services.nlp_service - WARNING - Text truncated due to length: Dave,  c'mon Bru.  You're justifying the Kia price...
2025-07-03 11:22:33,311 - app.services.nlp_service - WARNING - Text truncated due to length: I dunno who hurt Mercedes because they dropping ba...
2025-07-03 11:22:33,311 - app.services.nlp_service - WARNING - Text truncated due to length: The germans are currently struggling. It looks lik...
2025-07-03 11:22:33,312 - app.services.nlp_service - WARNING - Text truncated due to length: Talk about how Mercedes East London is shutting do...
2025-07-03 11:22:33,312 - app.services.nlp_service - WARNING - Text truncated due to length: Love the Merc even though it'll never see the day ...
2025-07-03 11:22:33,341 - app.services.nlp_service - WARNING - Text truncated due to length: Mercedes never learns...
2025-07-03 11:22:33,354 - app.services.nlp_service - WARNING - Text truncated due to length: How are the Chinese making actual cars that match ...
2025-07-03 11:22:33,358 - app.services.nlp_service - WARNING - Text truncated due to length: Kia has lost thier minds! Maybe they are looking f...
2025-07-03 11:22:36,714 - app.services.nlp_service - WARNING - Text truncated due to length: Cool stuff...
2025-07-03 11:22:36,714 - app.services.nlp_service - WARNING - Text truncated due to length: Don't care! And it is me you heard typing. The Ger...
2025-07-03 11:22:36,728 - app.services.nlp_service - WARNING - Text truncated due to length: Is the Cherry a front wheel drive ???  All the tha...
2025-07-03 11:22:36,728 - app.services.nlp_service - WARNING - Text truncated due to length: Kia mes good cars, but they are delusional if they...
2025-07-03 11:22:36,729 - app.services.nlp_service - WARNING - Text truncated due to length: Kia is mad business... For that amount I'd conside...
2025-07-03 11:22:36,729 - app.services.nlp_service - WARNING - Text truncated due to length: Why are these Chinese manufacturers giving service...
2025-07-03 11:22:36,730 - app.services.nlp_service - WARNING - Text truncated due to length: Kia is going for rarity here. We'll see very few o...
2025-07-03 11:22:36,760 - app.services.nlp_service - WARNING - Text truncated due to length: Did Kia drink to much rice wine when they priced t...
2025-07-03 11:22:36,761 - app.services.nlp_service - WARNING - Text truncated due to length: So how quick is the chery really with 265kw? On th...
2025-07-03 11:22:36,762 - app.services.nlp_service - WARNING - Text truncated due to length: The Sorento is nice but R1m-R1.3m is wild....
2025-07-03 11:22:36,763 - app.services.nlp_service - WARNING - Text truncated due to length: Justifying the Kia price because it is a 7 seater ...
2025-07-03 11:22:36,763 - app.services.nlp_service - WARNING - Text truncated due to length: The fastest vacuum cleaner...
2025-07-03 11:22:36,763 - app.services.nlp_service - WARNING - Text truncated due to length: So i buy tiggo 7 csh i choose plus version...
2025-07-03 11:22:36,774 - app.services.nlp_service - WARNING - Text truncated due to length: Put that PHEV tech in the tiggo cross and we will ...
2025-07-03 11:22:36,774 - app.services.nlp_service - WARNING - Text truncated due to length: No one is going to pay R1,2m for a KIA - Chinese i...
2025-07-03 11:22:36,774 - app.services.nlp_service - WARNING - Text truncated due to length: Dave,  c'mon Bru.  You're justifying the Kia price...
2025-07-03 11:22:36,775 - app.services.nlp_service - WARNING - Text truncated due to length: I dunno who hurt Mercedes because they dropping ba...
2025-07-03 11:22:36,775 - app.services.nlp_service - WARNING - Text truncated due to length: The germans are currently struggling. It looks lik...
2025-07-03 11:22:36,776 - app.services.nlp_service - WARNING - Text truncated due to length: Talk about how Mercedes East London is shutting do...
2025-07-03 11:22:36,777 - app.services.nlp_service - WARNING - Text truncated due to length: Love the Merc even though it'll never see the day ...
2025-07-03 11:22:36,800 - app.services.nlp_service - WARNING - Text truncated due to length: Mercedes never learns...
2025-07-03 11:22:36,812 - app.services.nlp_service - WARNING - Text truncated due to length: How are the Chinese making actual cars that match ...
2025-07-03 11:22:36,813 - app.services.nlp_service - WARNING - Text truncated due to length: Kia has lost thier minds! Maybe they are looking f...
2025-07-03 11:22:39,111 - app.services.nlp_service - WARNING - Transcription truncated to 1000 characters for Cohere processing
2025-07-03 11:22:54,698 - httpx - INFO - HTTP Request: POST https://api.cohere.com/v1/generate "HTTP/1.1 200 OK"
2025-07-03 11:23:58,537 - app.full_report - INFO - Processing video ID: r4BxQ1_ThnA
2025-07-03 11:23:58,538 - app.youtube - INFO - Fetching comments for video ID: r4BxQ1_ThnA
2025-07-03 11:23:59,124 - app.services.nlp_service - WARNING - Text truncated due to length: Volkswagen really has let our market down. The sta...
2025-07-03 11:23:59,124 - app.services.nlp_service - WARNING - Text truncated due to length: Increíble como algunos de los paisajes de allá son...
2025-07-03 11:23:59,124 - app.services.nlp_service - WARNING - Text truncated due to length: As the owner of a sweetly, self modded MK7 GTI SE....
2025-07-03 11:23:59,136 - app.services.nlp_service - WARNING - Text truncated due to length: Too be honest, Ultimate Performance's G8R and Vag ...
2025-07-03 11:23:59,148 - app.services.nlp_service - WARNING - Text truncated due to length: What's the modification to have it not make the tw...
2025-07-03 11:23:59,148 - app.services.nlp_service - WARNING - Text truncated due to length: 8.5 GTI / R is quite simply the best yet. Debatabl...
2025-07-03 11:23:59,148 - app.services.nlp_service - WARNING - Text truncated due to length: How was it being dynod on a front wheel drive dyno...
2025-07-03 11:23:59,149 - app.services.nlp_service - WARNING - Text truncated due to length: Great looking car, love the wheels. Great video, t...
2025-07-03 11:23:59,149 - app.services.nlp_service - WARNING - Text truncated due to length: Thats a clean Golf! Love it...
2025-07-03 11:23:59,150 - app.services.nlp_service - WARNING - Text truncated due to length: can you give your 20-inch BBS CIR spec? Its 8inch ...
2025-07-03 11:23:59,150 - app.services.nlp_service - WARNING - Text truncated due to length: Overpriced, period. Too many other vehicles out th...
2025-07-03 11:23:59,150 - app.services.nlp_service - WARNING - Text truncated due to length: VAG are quality guys and Malcolm is a good guy - w...
2025-07-03 11:23:59,151 - app.services.nlp_service - WARNING - Text truncated due to length: And the 8.5 is still not gonna be bought because v...
2025-07-03 11:23:59,151 - app.services.nlp_service - WARNING - Text truncated due to length: Best looking MK8 R in the country....
2025-07-03 11:23:59,152 - app.services.nlp_service - WARNING - Text truncated due to length: Any chance you could post the Mods list and links ...
2025-07-03 11:23:59,153 - app.services.nlp_service - WARNING - Text truncated due to length: Solid build....
2025-07-03 11:23:59,154 - app.services.nlp_service - WARNING - Text truncated due to length: Take a shot everytime he says CAR...
2025-07-03 11:23:59,155 - app.services.nlp_service - WARNING - Text truncated due to length: VAG CAFE did those rims December 2023 by the way...
2025-07-03 11:23:59,180 - app.services.nlp_service - WARNING - Text truncated due to length: Over a million for a MK 8R, that's insane. I just ...
2025-07-03 11:23:59,180 - app.services.nlp_service - WARNING - Text truncated due to length: Spoke with knowledge & clarity, Some of the best v...
2025-07-03 11:23:59,183 - app.services.nlp_service - WARNING - Text truncated due to length: What price for the TVS mechatronics ?...
2025-07-03 11:23:59,183 - app.services.nlp_service - WARNING - Text truncated due to length: LOL to make it front wheel only, known as dyno mod...
2025-07-03 11:23:59,184 - app.services.nlp_service - WARNING - Text truncated due to length: Urban kit is hot hot...
2025-07-03 11:23:59,184 - app.services.nlp_service - WARNING - Text truncated due to length: Bravo!!!!...
2025-07-03 11:23:59,184 - app.services.nlp_service - WARNING - Text truncated due to length: Everytime I see this car around Pretoria it's unbe...
2025-07-03 11:23:59,184 - app.services.nlp_service - WARNING - Text truncated due to length: The VW channel this is  and I ove it...
2025-07-03 11:23:59,185 - app.services.nlp_service - WARNING - Text truncated due to length: Know Malcolm for about 10 years now. Always passio...
2025-07-03 11:23:59,212 - app.services.nlp_service - WARNING - Text truncated due to length: Bmw m140i is half the price. B58 enough said...
2025-07-03 11:23:59,212 - app.services.nlp_service - WARNING - Text truncated due to length: But who approved the intro song? It's growing on m...
2025-07-03 11:23:59,212 - app.services.nlp_service - WARNING - Text truncated due to length: Please feature Errol Mlungu Vura Dr. You won't reg...
2025-07-03 11:23:59,213 - app.services.nlp_service - WARNING - Text truncated due to length: I want to comment on VWSA. This is just my view, I...
2025-07-03 11:23:59,213 - app.services.nlp_service - WARNING - Text truncated due to length: I have been following VAG Motorsport since introdu...
2025-07-03 11:23:59,213 - app.services.nlp_service - WARNING - Text truncated due to length: Can someone please recommend good diesel engine me...
2025-07-03 11:23:59,213 - app.services.nlp_service - WARNING - Text truncated due to length: These guys are incredible. VAG Motorsport are trul...
2025-07-03 11:23:59,213 - app.services.nlp_service - WARNING - Text truncated due to length: These cars have lost it . They just lack what the ...
2025-07-03 11:23:59,214 - app.services.nlp_service - WARNING - Text truncated due to length: Beautifully done. And Kudos to Malcolm. What a cle...
2025-07-03 11:23:59,239 - app.services.nlp_service - WARNING - Text truncated due to length: love this channel, but that intro gots to go!!...
2025-07-03 11:23:59,240 - app.services.nlp_service - WARNING - Text truncated due to length: Can't go wrong with some vag....
2025-07-03 11:23:59,240 - app.services.nlp_service - WARNING - Text truncated due to length: Good feature....
2025-07-03 11:23:59,257 - app.services.nlp_service - WARNING - Text truncated due to length: VAG Motorsport amazing people, quality work, I rec...
2025-07-03 11:23:59,258 - app.services.nlp_service - WARNING - Text truncated due to length: Spot on regarding the price. M240i or a Golf R? It...
2025-07-03 11:24:01,800 - app.services.nlp_service - WARNING - Text truncated due to length: Ain't the Golf R All wheel drive? 0:28...
2025-07-03 11:24:01,800 - app.services.nlp_service - WARNING - Text truncated due to length: South Africa's engineering talent is undeniable. T...
2025-07-03 11:24:01,801 - app.services.nlp_service - WARNING - Text truncated due to length: beautiful. even though im not a hatch person. stil...
2025-07-03 11:24:02,817 - app.services.nlp_service - WARNING - Text truncated due to length: Volkswagen really has let our market down. The sta...
2025-07-03 11:24:02,817 - app.services.nlp_service - WARNING - Text truncated due to length: Increíble como algunos de los paisajes de allá son...
2025-07-03 11:24:02,817 - app.services.nlp_service - WARNING - Text truncated due to length: As the owner of a sweetly, self modded MK7 GTI SE....
2025-07-03 11:24:02,841 - app.services.nlp_service - WARNING - Text truncated due to length: Too be honest, Ultimate Performance's G8R and Vag ...
2025-07-03 11:24:02,857 - app.services.nlp_service - WARNING - Text truncated due to length: What's the modification to have it not make the tw...
2025-07-03 11:24:02,858 - app.services.nlp_service - WARNING - Text truncated due to length: 8.5 GTI / R is quite simply the best yet. Debatabl...
2025-07-03 11:24:02,858 - app.services.nlp_service - WARNING - Text truncated due to length: How was it being dynod on a front wheel drive dyno...
2025-07-03 11:24:02,859 - app.services.nlp_service - WARNING - Text truncated due to length: Great looking car, love the wheels. Great video, t...
2025-07-03 11:24:02,859 - app.services.nlp_service - WARNING - Text truncated due to length: Thats a clean Golf! Love it...
2025-07-03 11:24:02,859 - app.services.nlp_service - WARNING - Text truncated due to length: can you give your 20-inch BBS CIR spec? Its 8inch ...
2025-07-03 11:24:02,859 - app.services.nlp_service - WARNING - Text truncated due to length: Overpriced, period. Too many other vehicles out th...
2025-07-03 11:24:02,859 - app.services.nlp_service - WARNING - Text truncated due to length: VAG are quality guys and Malcolm is a good guy - w...
2025-07-03 11:24:02,859 - app.services.nlp_service - WARNING - Text truncated due to length: And the 8.5 is still not gonna be bought because v...
2025-07-03 11:24:02,859 - app.services.nlp_service - WARNING - Text truncated due to length: Best looking MK8 R in the country....
2025-07-03 11:24:02,859 - app.services.nlp_service - WARNING - Text truncated due to length: Any chance you could post the Mods list and links ...
2025-07-03 11:24:02,859 - app.services.nlp_service - WARNING - Text truncated due to length: Solid build....
2025-07-03 11:24:02,859 - app.services.nlp_service - WARNING - Text truncated due to length: Take a shot everytime he says CAR...
2025-07-03 11:24:02,859 - app.services.nlp_service - WARNING - Text truncated due to length: VAG CAFE did those rims December 2023 by the way...
2025-07-03 11:24:02,889 - app.services.nlp_service - WARNING - Text truncated due to length: Over a million for a MK 8R, that's insane. I just ...
2025-07-03 11:24:02,890 - app.services.nlp_service - WARNING - Text truncated due to length: Spoke with knowledge & clarity, Some of the best v...
2025-07-03 11:24:02,890 - app.services.nlp_service - WARNING - Text truncated due to length: What price for the TVS mechatronics ?...
2025-07-03 11:24:02,890 - app.services.nlp_service - WARNING - Text truncated due to length: LOL to make it front wheel only, known as dyno mod...
2025-07-03 11:24:02,890 - app.services.nlp_service - WARNING - Text truncated due to length: Urban kit is hot hot...
2025-07-03 11:24:02,890 - app.services.nlp_service - WARNING - Text truncated due to length: Bravo!!!!...
2025-07-03 11:24:02,890 - app.services.nlp_service - WARNING - Text truncated due to length: Everytime I see this car around Pretoria it's unbe...
2025-07-03 11:24:02,890 - app.services.nlp_service - WARNING - Text truncated due to length: The VW channel this is  and I ove it...
2025-07-03 11:24:02,890 - app.services.nlp_service - WARNING - Text truncated due to length: Know Malcolm for about 10 years now. Always passio...
2025-07-03 11:24:02,984 - app.services.nlp_service - WARNING - Text truncated due to length: Bmw m140i is half the price. B58 enough said...
2025-07-03 11:24:02,984 - app.services.nlp_service - WARNING - Text truncated due to length: But who approved the intro song? It's growing on m...
2025-07-03 11:24:02,984 - app.services.nlp_service - WARNING - Text truncated due to length: Please feature Errol Mlungu Vura Dr. You won't reg...
2025-07-03 11:24:02,984 - app.services.nlp_service - WARNING - Text truncated due to length: I want to comment on VWSA. This is just my view, I...
2025-07-03 11:24:02,991 - app.services.nlp_service - WARNING - Text truncated due to length: I have been following VAG Motorsport since introdu...
2025-07-03 11:24:02,991 - app.services.nlp_service - WARNING - Text truncated due to length: Can someone please recommend good diesel engine me...
2025-07-03 11:24:02,991 - app.services.nlp_service - WARNING - Text truncated due to length: These guys are incredible. VAG Motorsport are trul...
2025-07-03 11:24:02,992 - app.services.nlp_service - WARNING - Text truncated due to length: These cars have lost it . They just lack what the ...
2025-07-03 11:24:02,992 - app.services.nlp_service - WARNING - Text truncated due to length: Beautifully done. And Kudos to Malcolm. What a cle...
2025-07-03 11:24:03,018 - app.services.nlp_service - WARNING - Text truncated due to length: love this channel, but that intro gots to go!!...
2025-07-03 11:24:03,018 - app.services.nlp_service - WARNING - Text truncated due to length: Can't go wrong with some vag....
2025-07-03 11:24:03,018 - app.services.nlp_service - WARNING - Text truncated due to length: Good feature....
2025-07-03 11:24:03,033 - app.services.nlp_service - WARNING - Text truncated due to length: VAG Motorsport amazing people, quality work, I rec...
2025-07-03 11:24:03,033 - app.services.nlp_service - WARNING - Text truncated due to length: Spot on regarding the price. M240i or a Golf R? It...
2025-07-03 11:24:05,313 - app.services.nlp_service - WARNING - Text truncated due to length: Ain't the Golf R All wheel drive? 0:28...
2025-07-03 11:24:05,313 - app.services.nlp_service - WARNING - Text truncated due to length: South Africa's engineering talent is undeniable. T...
2025-07-03 11:24:05,313 - app.services.nlp_service - WARNING - Text truncated due to length: beautiful. even though im not a hatch person. stil...
2025-07-03 11:24:07,796 - app.services.nlp_service - WARNING - Transcription truncated to 1000 characters for Cohere processing
2025-07-03 11:24:19,463 - httpx - INFO - HTTP Request: POST https://api.cohere.com/v1/generate "HTTP/1.1 200 OK"
2025-07-03 11:27:13,365 - app.services.nlp_service - WARNING - Text truncated due to length: string...
2025-07-03 11:27:36,725 - httpx - INFO - HTTP Request: POST https://api.cohere.com/v1/generate "HTTP/1.1 200 OK"
